<?xml version="1.0" encoding="UTF-8"?>
<!-- Generated by org.testng.reporters.JUnitXMLReporter -->
<testsuite hostname="Sanket-PC" ignored="0" name="Test" tests="1" failures="0" timestamp="24 Sep 2018 17:34:16 GMT" time="58.303" errors="0">
  <testcase name="@BeforeTest createDriver" time="45.022" classname="smoke.SmokeTest">
    <failure type="java.lang.NoClassDefFoundError" message="org/apache/commons/compress/archivers/zip/ZipFile">
      <![CDATA[java.lang.NoClassDefFoundError: org/apache/commons/compress/archivers/zip/ZipFile
at org.apache.poi.openxml4j.opc.OPCPackage.open(OPCPackage.java:298)
at org.apache.poi.ooxml.util.PackageHelper.open(PackageHelper.java:37)
at org.apache.poi.xssf.usermodel.XSSFWorkbook.<init>(XSSFWorkbook.java:307)
at utils.ExcelUtils.<init>(ExcelUtils.java:17)
at zoom12.TestData.readExcelData(TestData.java:12)
at smoke.SmokeTest.createDriver(SmokeTest.java:27)
Caused by: java.lang.ClassNotFoundException: org.apache.commons.compress.archivers.zip.ZipFile
at java.net.URLClassLoader.findClass(Unknown Source)
at java.lang.ClassLoader.loadClass(Unknown Source)
at sun.misc.Launcher$AppClassLoader.loadClass(Unknown Source)
at java.lang.ClassLoader.loadClass(Unknown Source)
... 30 more
... Removed 24 stack frames]]>
    </failure>
  </testcase> <!-- @BeforeTest createDriver -->
  <testcase name="LoginTest" time="0.0" classname="smoke.SmokeTest">
    <skipped/>
  </testcase> <!-- LoginTest -->
</testsuite> <!-- Test -->
