<?xml version="1.0" encoding="UTF-8"?>
<!-- Generated by org.testng.reporters.JUnitXMLReporter -->
<testsuite hostname="SANKET-PC" ignored="0" name="Default test" tests="4" failures="0" timestamp="24 Sep 2018 07:00:09 GMT" time="0.049" errors="0">
  <testcase name="login" time="0.004" classname="zoom12.J"/>
  <testcase name="dashboard" time="0.002" classname="zoom12.J"/>
  <testcase name="changePassword" time="0.003" classname="zoom12.J"/>
  <testcase name="logout" time="0.002" classname="zoom12.J"/>
</testsuite> <!-- Default test -->
